<?xml version="1.0" encoding="UTF-8"?>
<!-- Generated by org.testng.reporters.JUnitReportReporter -->
<testsuite hostname="DESKTOP-64O372G" failures="0" tests="1" name="com.rest.Test" time="0.597" errors="0" timestamp="2023-11-17T15:09:24 IST" skipped="0">
  <testcase classname="com.rest.Test" name="validate_get_status_code" time="0.597"/>
</testsuite> <!-- com.rest.Test -->
